Reading netlist file: "/Users/alans/Documents/development/Arcade-MCR2-TangFPGA/mcr2_primer25k/impl/gwsynthesis/mcr2_primer25k.vg"
Parsing netlist file "/Users/alans/Documents/development/Arcade-MCR2-TangFPGA/mcr2_primer25k/impl/gwsynthesis/mcr2_primer25k.vg" completed
Processing netlist completed
Reading constraint file: "/Users/alans/Documents/development/Arcade-MCR2-TangFPGA/mcr2_primer25k/src/mcr2_primer25k.cst"
Physical Constraint parsed completed
Running placement......
[10%] Placement Phase 0 completed
[20%] Placement Phase 1 completed
[30%] Placement Phase 2 completed
[50%] Placement Phase 3 completed
Running routing......
[60%] Routing Phase 0 completed
[70%] Routing Phase 1 completed
[80%] Routing Phase 2 completed
[90%] Routing Phase 3 completed
Running timing analysis......
[95%] Timing analysis completed
Placement and routing completed
Bitstream generation in progress......
Bitstream generation completed
Running power analysis......
[100%] Power analysis completed
Generate file "/Users/alans/Documents/development/Arcade-MCR2-TangFPGA/mcr2_primer25k/impl/pnr/mcr2_primer25k.power.html" completed
Generate file "/Users/alans/Documents/development/Arcade-MCR2-TangFPGA/mcr2_primer25k/impl/pnr/mcr2_primer25k.pin.html" completed
Generate file "/Users/alans/Documents/development/Arcade-MCR2-TangFPGA/mcr2_primer25k/impl/pnr/mcr2_primer25k.rpt.html" completed
Generate file "/Users/alans/Documents/development/Arcade-MCR2-TangFPGA/mcr2_primer25k/impl/pnr/mcr2_primer25k.rpt.txt" completed
Generate file "/Users/alans/Documents/development/Arcade-MCR2-TangFPGA/mcr2_primer25k/impl/pnr/mcr2_primer25k.tr.html" completed
Mon Jul 13 08:25:02 2026

